<?xml version="1.0" encoding="UTF-8"?>
<testsuite xmlns:xsi="http://www.w3.org/2001/XMLSchema-instance" xsi:schemaLocation="https://maven.apache.org/surefire/maven-surefire-plugin/xsd/surefire-test-report.xsd" name="TestSuite" time="0.849" tests="5" errors="0" skipped="4" failures="1">
  <properties>
[...]
</properties>
  <testcase name="setUp" classname="ccom.valtech.testMethods.TC01_verifyHomePageMenuItems" time="0.594">
    <failure type="java.lang.NullPointerException">java.lang.NullPointerException
	at ccom.valtech.testMethods.TC01_verifyHomePageMenuItems.setUp(TC01_verifyHomePageMenuItems.java:39)
</failure>
    <system-out><![CDATA[Properties from config file {browserType=chrome, SQLServerConnectionUrl=, siteurl=https://www.valtech.com/, os.name=Windows}
]]></system-out>
  </testcase>
  <testcase name="TS02_verifyServices" classname="ccom.valtech.testMethods.TC01_verifyHomePageMenuItems" time="0">
    <skipped/>
  </testcase>
  <testcase name="TS03_verifyWork" classname="ccom.valtech.testMethods.TC01_verifyHomePageMenuItems" time="0">
    <skipped/>
  </testcase>
  <testcase name="clickAboutMenu" classname="ccom.valtech.testMethods.TC01_verifyHomePageMenuItems" time="0">
    <skipped/>
  </testcase>
  <testcase name="closeBrowser" classname="ccom.valtech.testMethods.TC01_verifyHomePageMenuItems" time="0">
    <skipped/>
  </testcase>
</testsuite>