<?xml version="1.0" encoding="UTF-8"?>
<!-- Generated by org.testng.reporters.JUnitXMLReporter -->
<testsuite hostname="RameshKudikalas-MacBook-Air.local" ignored="1" name="RegressionTest" tests="3" failures="0" timestamp="25 Feb 2019 19:15:58 GMT" time="0.029" errors="0">
  <testcase name="@BeforeSuite setUp" time="0.0" classname="ccom.valtech.testMethods.TC01_verifyHomePageMenuItems">
    <failure type="java.lang.NullPointerException">
      <![CDATA[java.lang.NullPointerException
	at com.valtech.testBase.TestBase.initialize(TestBase.java:69)
	at ccom.valtech.testMethods.TC01_verifyHomePageMenuItems.setUp(TC01_verifyHomePageMenuItems.java:39)
... Removed 22 stack frames]]>
    </failure>
  </testcase> <!-- @BeforeSuite setUp -->
  <testcase name="TS02_verifyServices" time="0.001" classname="ccom.valtech.testMethods.TC01_verifyHomePageMenuItems">
    <skipped/>
  </testcase> <!-- TS02_verifyServices -->
  <testcase name="TS03_verifyWork" time="0.0" classname="ccom.valtech.testMethods.TC01_verifyHomePageMenuItems">
    <skipped/>
  </testcase> <!-- TS03_verifyWork -->
  <testcase name="clickAboutMenu" time="0.0" classname="ccom.valtech.testMethods.TC01_verifyHomePageMenuItems">
    <skipped/>
  </testcase> <!-- clickAboutMenu -->
  <testcase name="TS01_verifyRecentBlogs" time="0.0" classname="ccom.valtech.testMethods.TC01_verifyHomePageMenuItems">
    <ignored/>
  </testcase> <!-- TS01_verifyRecentBlogs -->
</testsuite> <!-- RegressionTest -->
